[DEBUG] 2020-12-14 22:59:48,405 (irsim.py 620): Parsed arguments: {'irpath': 'out.ir', 'inputs': '', 'logpath': 'irsim.log'}
[INFO] 2020-12-14 22:59:48,418 (irsim.py 567): File loaded successfully
[INFO] 2020-12-14 22:59:49,277 (irsim.py 567): Program has exited gracefully
[INFO] 2020-12-14 22:59:49,278 (irsim.py 567): Total instructions = 95
[INFO] 2020-12-14 23:01:27,260 (irsim.py 567): KeyboardInterrupt raised, quit program
[DEBUG] 2020-12-14 23:03:27,331 (irsim.py 620): Parsed arguments: {'irpath': 'out.ir', 'inputs': '', 'logpath': 'irsim.log'}
[ERROR] 2020-12-14 23:03:27,332 (irsim.py 581): Cannot find program entrance. Please make sure the 'main' function does exist
[DEBUG] 2020-12-14 23:06:25,609 (irsim.py 620): Parsed arguments: {'irpath': 'out.ir', 'inputs': '', 'logpath': 'irsim.log'}
[INFO] 2020-12-14 23:06:25,610 (irsim.py 567): File loaded successfully
[INFO] 2020-12-14 23:06:26,429 (irsim.py 567): Program has exited gracefully
[INFO] 2020-12-14 23:06:26,430 (irsim.py 567): Total instructions = 27
[INFO] 2020-12-14 23:08:33,123 (irsim.py 567): KeyboardInterrupt raised, quit program
[DEBUG] 2020-12-14 23:12:14,598 (irsim.py 620): Parsed arguments: {'irpath': 'out.ir', 'inputs': '', 'logpath': 'irsim.log'}
[INFO] 2020-12-14 23:12:14,599 (irsim.py 567): File loaded successfully
[INFO] 2020-12-14 23:12:15,145 (irsim.py 567): Program has exited gracefully
[INFO] 2020-12-14 23:12:15,146 (irsim.py 567): Total instructions = 27
[INFO] 2020-12-14 23:12:16,027 (irsim.py 567): KeyboardInterrupt raised, quit program
[DEBUG] 2020-12-14 23:14:22,487 (irsim.py 620): Parsed arguments: {'irpath': 'out.ir', 'inputs': '3,4', 'logpath': 'irsim.log'}
[INFO] 2020-12-14 23:14:22,489 (irsim.py 567): File loaded successfully
[INFO] 2020-12-14 23:14:23,373 (irsim.py 567): Program has exited gracefully
[INFO] 2020-12-14 23:14:23,374 (irsim.py 567): Total instructions = 360
[INFO] 2020-12-14 23:14:27,253 (irsim.py 567): KeyboardInterrupt raised, quit program
[DEBUG] 2020-12-14 23:14:39,669 (irsim.py 620): Parsed arguments: {'irpath': 'out.ir', 'inputs': '', 'logpath': 'irsim.log'}
[INFO] 2020-12-14 23:14:39,670 (irsim.py 567): File loaded successfully
[ERROR] 2020-12-14 23:14:40,690 (irsim.py 581): An error occurred at line 63: Illegal memory access
[INFO] 2020-12-14 23:14:54,223 (irsim.py 567): KeyboardInterrupt raised, quit program
[DEBUG] 2020-12-14 23:15:09,493 (irsim.py 620): Parsed arguments: {'irpath': 'out.ir', 'inputs': '8,7,6,1,2,5,4,3', 'logpath': 'irsim.log'}
[INFO] 2020-12-14 23:15:09,495 (irsim.py 567): File loaded successfully
[INFO] 2020-12-14 23:15:11,370 (irsim.py 567): Program has exited gracefully
[INFO] 2020-12-14 23:15:11,371 (irsim.py 567): Total instructions = 1993
[INFO] 2020-12-14 23:15:56,147 (irsim.py 567): KeyboardInterrupt raised, quit program
[DEBUG] 2020-12-14 23:16:14,521 (irsim.py 620): Parsed arguments: {'irpath': 'out.ir', 'inputs': '8,7,6,1,2,5,4,3', 'logpath': 'irsim.log'}
[INFO] 2020-12-14 23:16:14,522 (irsim.py 567): File loaded successfully
[INFO] 2020-12-14 23:25:19,077 (irsim.py 567): KeyboardInterrupt raised, quit program
[DEBUG] 2020-12-14 23:25:41,999 (irsim.py 620): Parsed arguments: {'irpath': 'out.ir', 'inputs': '8,7,6,1,2,5,4,3', 'logpath': 'irsim.log'}
[INFO] 2020-12-14 23:25:42,000 (irsim.py 567): File loaded successfully
[INFO] 2020-12-14 23:31:47,829 (irsim.py 567): KeyboardInterrupt raised, quit program
[DEBUG] 2020-12-14 23:32:15,560 (irsim.py 620): Parsed arguments: {'irpath': 'out.ir', 'inputs': '1', 'logpath': 'irsim.log'}
[INFO] 2020-12-14 23:32:15,562 (irsim.py 567): File loaded successfully
[ERROR] 2020-12-14 23:32:16,568 (irsim.py 581): An error occurred at line 99: Illegal memory access
[INFO] 2020-12-14 23:32:22,684 (irsim.py 567): KeyboardInterrupt raised, quit program
[DEBUG] 2020-12-14 23:32:26,523 (irsim.py 620): Parsed arguments: {'irpath': 'out.ir', 'inputs': '1', 'logpath': 'irsim.log'}
[INFO] 2020-12-14 23:32:26,525 (irsim.py 567): File loaded successfully
[INFO] 2020-12-14 23:32:27,035 (irsim.py 567): Program has exited gracefully
[INFO] 2020-12-14 23:32:27,036 (irsim.py 567): Total instructions = 37
[INFO] 2020-12-14 23:32:34,955 (irsim.py 567): KeyboardInterrupt raised, quit program
[DEBUG] 2020-12-14 23:32:37,797 (irsim.py 620): Parsed arguments: {'irpath': 'out.ir', 'inputs': '1,2', 'logpath': 'irsim.log'}
[INFO] 2020-12-14 23:32:37,799 (irsim.py 567): File loaded successfully
[INFO] 2020-12-14 23:32:38,594 (irsim.py 567): Program has exited gracefully
[INFO] 2020-12-14 23:32:38,595 (irsim.py 567): Total instructions = 37
[INFO] 2020-12-14 23:32:45,253 (irsim.py 567): KeyboardInterrupt raised, quit program
[DEBUG] 2020-12-14 23:32:49,461 (irsim.py 620): Parsed arguments: {'irpath': 'out.ir', 'inputs': '1,2', 'logpath': 'irsim.log'}
[INFO] 2020-12-14 23:32:49,462 (irsim.py 567): File loaded successfully
[INFO] 2020-12-14 23:32:50,363 (irsim.py 567): Program has exited gracefully
[INFO] 2020-12-14 23:32:50,364 (irsim.py 567): Total instructions = 195
[INFO] 2020-12-14 23:32:59,821 (irsim.py 567): KeyboardInterrupt raised, quit program
[DEBUG] 2020-12-14 23:33:05,404 (irsim.py 620): Parsed arguments: {'irpath': 'out.ir', 'inputs': '1,2,3', 'logpath': 'irsim.log'}
[INFO] 2020-12-14 23:33:05,405 (irsim.py 567): File loaded successfully
[INFO] 2020-12-14 23:33:09,164 (irsim.py 567): KeyboardInterrupt raised, quit program
[DEBUG] 2020-12-14 23:33:23,083 (irsim.py 620): Parsed arguments: {'irpath': 'out.ir', 'inputs': '2,1', 'logpath': 'irsim.log'}
[INFO] 2020-12-14 23:33:23,084 (irsim.py 567): File loaded successfully
[INFO] 2020-12-14 23:33:23,770 (irsim.py 567): Program has exited gracefully
[INFO] 2020-12-14 23:33:23,771 (irsim.py 567): Total instructions = 195
[INFO] 2020-12-14 23:34:29,238 (irsim.py 567): KeyboardInterrupt raised, quit program
[DEBUG] 2020-12-14 23:34:30,444 (irsim.py 620): Parsed arguments: {'irpath': 'out.ir', 'inputs': '2,1', 'logpath': 'irsim.log'}
[INFO] 2020-12-14 23:34:30,446 (irsim.py 567): File loaded successfully
[INFO] 2020-12-14 23:34:31,350 (irsim.py 567): KeyboardInterrupt raised, quit program
[DEBUG] 2020-12-14 23:34:43,201 (irsim.py 620): Parsed arguments: {'irpath': 'out.ir', 'inputs': '2,1', 'logpath': 'irsim.log'}
[INFO] 2020-12-14 23:34:43,203 (irsim.py 567): File loaded successfully
[INFO] 2020-12-14 23:34:43,956 (irsim.py 567): Program has exited gracefully
[INFO] 2020-12-14 23:34:43,956 (irsim.py 567): Total instructions = 195
[INFO] 2020-12-14 23:35:26,035 (irsim.py 567): KeyboardInterrupt raised, quit program
[DEBUG] 2020-12-14 23:35:29,916 (irsim.py 620): Parsed arguments: {'irpath': 'out.ir', 'inputs': '2,1', 'logpath': 'irsim.log'}
[INFO] 2020-12-14 23:35:29,917 (irsim.py 567): File loaded successfully
[INFO] 2020-12-14 23:35:30,719 (irsim.py 567): Program has exited gracefully
[INFO] 2020-12-14 23:35:30,719 (irsim.py 567): Total instructions = 47
[INFO] 2020-12-14 23:35:48,435 (irsim.py 567): KeyboardInterrupt raised, quit program
[DEBUG] 2020-12-14 23:35:54,248 (irsim.py 620): Parsed arguments: {'irpath': 'out.ir', 'inputs': '2,1', 'logpath': 'irsim.log'}
[INFO] 2020-12-14 23:35:54,250 (irsim.py 567): File loaded successfully
[INFO] 2020-12-14 23:38:44,911 (irsim.py 567): KeyboardInterrupt raised, quit program
[DEBUG] 2020-12-14 23:38:48,504 (irsim.py 620): Parsed arguments: {'irpath': 'out.ir', 'inputs': '2,1', 'logpath': 'irsim.log'}
[INFO] 2020-12-14 23:38:48,506 (irsim.py 567): File loaded successfully
[INFO] 2020-12-14 23:38:49,134 (irsim.py 567): Program has exited gracefully
[INFO] 2020-12-14 23:38:49,135 (irsim.py 567): Total instructions = 29
[INFO] 2020-12-14 23:39:08,998 (irsim.py 567): KeyboardInterrupt raised, quit program
[DEBUG] 2020-12-14 23:39:12,364 (irsim.py 620): Parsed arguments: {'irpath': 'out.ir', 'inputs': '2,1', 'logpath': 'irsim.log'}
[INFO] 2020-12-14 23:39:12,366 (irsim.py 567): File loaded successfully
[INFO] 2020-12-14 23:39:13,359 (irsim.py 567): Program has exited gracefully
[INFO] 2020-12-14 23:39:13,360 (irsim.py 567): Total instructions = 35
[INFO] 2020-12-14 23:40:15,181 (irsim.py 567): KeyboardInterrupt raised, quit program
[DEBUG] 2020-12-14 23:40:20,526 (irsim.py 620): Parsed arguments: {'irpath': 'out.ir', 'inputs': '2,1', 'logpath': 'irsim.log'}
[INFO] 2020-12-14 23:40:20,528 (irsim.py 567): File loaded successfully
[ERROR] 2020-12-14 23:40:21,200 (irsim.py 581): An error occurred at line 99: Illegal memory access
[INFO] 2020-12-14 23:40:29,730 (irsim.py 567): KeyboardInterrupt raised, quit program
[DEBUG] 2020-12-14 23:40:33,079 (irsim.py 620): Parsed arguments: {'irpath': 'out.ir', 'inputs': '2,1', 'logpath': 'irsim.log'}
[INFO] 2020-12-14 23:40:33,080 (irsim.py 567): File loaded successfully
[INFO] 2020-12-14 23:40:33,808 (irsim.py 567): Program has exited gracefully
[INFO] 2020-12-14 23:40:33,809 (irsim.py 567): Total instructions = 195
[INFO] 2020-12-14 23:41:11,767 (irsim.py 567): KeyboardInterrupt raised, quit program
[DEBUG] 2020-12-14 23:41:15,237 (irsim.py 620): Parsed arguments: {'irpath': 'out.ir', 'inputs': '2,1', 'logpath': 'irsim.log'}
[INFO] 2020-12-14 23:41:15,238 (irsim.py 567): File loaded successfully
[INFO] 2020-12-14 23:41:15,842 (irsim.py 567): Program has exited gracefully
[INFO] 2020-12-14 23:41:15,843 (irsim.py 567): Total instructions = 62
[INFO] 2020-12-14 23:41:18,734 (irsim.py 567): KeyboardInterrupt raised, quit program
[DEBUG] 2020-12-14 23:42:36,034 (irsim.py 620): Parsed arguments: {'irpath': 'out.ir', 'inputs': '2,1', 'logpath': 'irsim.log'}
[INFO] 2020-12-14 23:42:36,035 (irsim.py 567): File loaded successfully
[INFO] 2020-12-14 23:43:28,105 (irsim.py 567): KeyboardInterrupt raised, quit program
[DEBUG] 2020-12-14 23:43:33,314 (irsim.py 620): Parsed arguments: {'irpath': 'out.ir', 'inputs': '2,1', 'logpath': 'irsim.log'}
[INFO] 2020-12-14 23:43:33,315 (irsim.py 567): File loaded successfully
[INFO] 2020-12-14 23:45:34,060 (irsim.py 567): KeyboardInterrupt raised, quit program
[DEBUG] 2020-12-14 23:51:28,450 (irsim.py 620): Parsed arguments: {'irpath': 'out.ir', 'inputs': '', 'logpath': 'irsim.log'}
[INFO] 2020-12-14 23:51:28,451 (irsim.py 567): File loaded successfully
[INFO] 2020-12-14 23:51:29,131 (irsim.py 567): Program has exited gracefully
[INFO] 2020-12-14 23:51:29,132 (irsim.py 567): Total instructions = 36
[INFO] 2020-12-14 23:51:41,811 (irsim.py 567): KeyboardInterrupt raised, quit program
[DEBUG] 2020-12-14 23:51:45,125 (irsim.py 620): Parsed arguments: {'irpath': 'out.ir', 'inputs': '', 'logpath': 'irsim.log'}
[INFO] 2020-12-14 23:51:45,126 (irsim.py 567): File loaded successfully
[INFO] 2020-12-14 23:51:46,233 (irsim.py 567): Program has exited gracefully
[INFO] 2020-12-14 23:51:46,234 (irsim.py 567): Total instructions = 42
[INFO] 2020-12-14 23:54:32,966 (irsim.py 567): KeyboardInterrupt raised, quit program
[DEBUG] 2020-12-14 23:54:39,821 (irsim.py 620): Parsed arguments: {'irpath': 'out.ir', 'inputs': '', 'logpath': 'irsim.log'}
[INFO] 2020-12-14 23:54:39,822 (irsim.py 567): File loaded successfully
[INFO] 2020-12-14 23:54:40,470 (irsim.py 567): Program has exited gracefully
[INFO] 2020-12-14 23:54:40,471 (irsim.py 567): Total instructions = 42
[INFO] 2020-12-14 23:54:46,480 (irsim.py 567): KeyboardInterrupt raised, quit program
[DEBUG] 2020-12-14 23:55:43,018 (irsim.py 620): Parsed arguments: {'irpath': 'out.ir', 'inputs': '', 'logpath': 'irsim.log'}
[INFO] 2020-12-14 23:55:43,019 (irsim.py 567): File loaded successfully
[INFO] 2020-12-14 23:55:43,454 (irsim.py 567): Program has exited gracefully
[INFO] 2020-12-14 23:55:43,464 (irsim.py 567): Total instructions = 42
[INFO] 2020-12-14 23:55:45,932 (irsim.py 567): KeyboardInterrupt raised, quit program
